[ 2015-07-23T10:34:33+08:00 ] 127.0.0.1 /Padmin
INFO: [ app_init ] --START--
INFO: Run Behavior\BuildLiteBehavior [ RunTime:0.000000s ]
INFO: [ app_init ] --END-- [ RunTime:0.001000s ]
INFO: [ app_begin ] --START--
INFO: Run Behavior\ReadHtmlCacheBehavior [ RunTime:0.001000s ]
INFO: [ app_begin ] --END-- [ RunTime:0.001000s ]

[ 2015-07-23T10:34:34+08:00 ] 127.0.0.1 /index.php/Padmin/Login/index.html
INFO: [ app_init ] --START--
INFO: Run Behavior\BuildLiteBehavior [ RunTime:0.000000s ]
INFO: [ app_init ] --END-- [ RunTime:0.001000s ]
INFO: [ app_begin ] --START--
INFO: Run Behavior\ReadHtmlCacheBehavior [ RunTime:0.000000s ]
INFO: [ app_begin ] --END-- [ RunTime:0.000000s ]
INFO: [ view_parse ] --START--
NOTIC: [2] file_get_contents(./Application/Padmin/View/Login/pagehead.html): failed to open stream: No such file or directory D:\upupw\vhosts\www.blog.com\Fennay\ThinkPHP\Library\Think\Template.class.php 第 696 行.
INFO: [ template_filter ] --START--
INFO: Run Behavior\ContentReplaceBehavior [ RunTime:0.000000s ]
INFO: [ template_filter ] --END-- [ RunTime:0.000000s ]
INFO: Run Behavior\ParseTemplateBehavior [ RunTime:0.036002s ]
INFO: [ view_parse ] --END-- [ RunTime:0.036002s ]
INFO: [ view_filter ] --START--
INFO: Run Behavior\WriteHtmlCacheBehavior [ RunTime:0.000000s ]
INFO: [ view_filter ] --END-- [ RunTime:0.000000s ]
INFO: [ app_end ] --START--
INFO: Run Behavior\ShowPageTraceBehavior [ RunTime:0.001000s ]
INFO: [ app_end ] --END-- [ RunTime:0.001000s ]
NOTIC: [8] Use of undefined constant sssss - assumed 'sssss' D:\upupw\vhosts\www.blog.com\Fennay\index.php 第 29 行.

[ 2015-07-23T10:34:39+08:00 ] 127.0.0.1 /index.php/Padmin/Login/login_handle.html
INFO: [ app_init ] --START--
INFO: Run Behavior\BuildLiteBehavior [ RunTime:0.000000s ]
INFO: [ app_init ] --END-- [ RunTime:0.001000s ]
INFO: [ app_begin ] --START--
INFO: Run Behavior\ReadHtmlCacheBehavior [ RunTime:0.001000s ]
INFO: [ app_begin ] --END-- [ RunTime:0.001000s ]
SQL: SHOW COLUMNS FROM `fny_manager` [ RunTime:0.0460s ]
SQL: SELECT * FROM `fny_manager` WHERE `username` = 'admin' LIMIT 1   [ RunTime:0.0030s ]
SQL: UPDATE `fny_manager` SET `last_ip`='127.0.0.1',`last_time`='1437618879' WHERE ( id=1 ) [ RunTime:0.0070s ]
SQL: UPDATE `fny_manager` SET `login_num`=login_num+1 WHERE ( id=1 ) [ RunTime:0.0020s ]

[ 2015-07-23T10:34:40+08:00 ] 127.0.0.1 /index.php/Padmin/Index/index.html
INFO: [ app_init ] --START--
INFO: Run Behavior\BuildLiteBehavior [ RunTime:0.000000s ]
INFO: [ app_init ] --END-- [ RunTime:0.000000s ]
INFO: [ app_begin ] --START--
INFO: Run Behavior\ReadHtmlCacheBehavior [ RunTime:0.000000s ]
INFO: [ app_begin ] --END-- [ RunTime:0.000000s ]
SQL: SHOW COLUMNS FROM `fny_manager` [ RunTime:0.0030s ]
SQL: SELECT * FROM `fny_manager` WHERE ( id=1 ) LIMIT 1   [ RunTime:0.0010s ]
INFO: [ view_parse ] --START--
INFO: [ template_filter ] --START--
INFO: Run Behavior\ContentReplaceBehavior [ RunTime:0.000000s ]
INFO: [ template_filter ] --END-- [ RunTime:0.000000s ]
NOTIC: [8] Undefined variable: title D:\upupw\vhosts\www.blog.com\Fennay\Runtime\Cache\Padmin\3d4e9b029cf63bfe32eafaa70ce8011b.php 第 21 行.
INFO: Run Behavior\ParseTemplateBehavior [ RunTime:0.064004s ]
INFO: [ view_parse ] --END-- [ RunTime:0.064004s ]
INFO: [ view_filter ] --START--
INFO: Run Behavior\WriteHtmlCacheBehavior [ RunTime:0.001000s ]
INFO: [ view_filter ] --END-- [ RunTime:0.001000s ]
INFO: [ app_end ] --START--
INFO: Run Behavior\ShowPageTraceBehavior [ RunTime:0.000000s ]
INFO: [ app_end ] --END-- [ RunTime:0.001000s ]
NOTIC: [8] Use of undefined constant sssss - assumed 'sssss' D:\upupw\vhosts\www.blog.com\Fennay\index.php 第 29 行.

[ 2015-07-23T10:34:44+08:00 ] 127.0.0.1 /index.php/Padmin/Article/index.html
INFO: [ app_init ] --START--
INFO: Run Behavior\BuildLiteBehavior [ RunTime:0.000000s ]
INFO: [ app_init ] --END-- [ RunTime:0.001000s ]
INFO: [ app_begin ] --START--
INFO: Run Behavior\ReadHtmlCacheBehavior [ RunTime:0.001000s ]
INFO: [ app_begin ] --END-- [ RunTime:0.002000s ]
SQL: SHOW COLUMNS FROM `fny_manager` [ RunTime:0.0020s ]
SQL: SELECT * FROM `fny_manager` WHERE ( id=1 ) LIMIT 1   [ RunTime:0.0000s ]
SQL: SHOW COLUMNS FROM `fny_article` [ RunTime:0.0490s ]
SQL: SELECT COUNT(*) AS tp_count FROM `fny_article` WHERE `status` < 2 LIMIT 1   [ RunTime:0.0320s ]
SQL: SELECT * FROM `fny_article` WHERE `status` < 2 LIMIT 0,10   [ RunTime:0.0010s ]
SQL: SHOW COLUMNS FROM `fny_cate` [ RunTime:0.0260s ]
NOTIC: [8] Undefined index: mapping_order D:\upupw\vhosts\www.blog.com\Fennay\ThinkPHP\Library\Think\Model\RelationModel.class.php 第 186 行.
NOTIC: [8] Undefined index: mapping_limit D:\upupw\vhosts\www.blog.com\Fennay\ThinkPHP\Library\Think\Model\RelationModel.class.php 第 187 行.
SQL: SELECT b.* FROM fny_article_cate AS a, fny_cate AS b WHERE a.cid = b.id AND a. aid='1' [ RunTime:0.0080s ]
SQL: SHOW COLUMNS FROM `fny_tag` [ RunTime:0.0120s ]
NOTIC: [8] Undefined index: mapping_order D:\upupw\vhosts\www.blog.com\Fennay\ThinkPHP\Library\Think\Model\RelationModel.class.php 第 186 行.
NOTIC: [8] Undefined index: mapping_limit D:\upupw\vhosts\www.blog.com\Fennay\ThinkPHP\Library\Think\Model\RelationModel.class.php 第 187 行.
SQL: SELECT b.* FROM fny_article_tag AS a, fny_tag AS b WHERE a.tid = b.id AND a. aid='1' [ RunTime:0.0190s ]
NOTIC: [8] Undefined index: mapping_order D:\upupw\vhosts\www.blog.com\Fennay\ThinkPHP\Library\Think\Model\RelationModel.class.php 第 186 行.
NOTIC: [8] Undefined index: mapping_limit D:\upupw\vhosts\www.blog.com\Fennay\ThinkPHP\Library\Think\Model\RelationModel.class.php 第 187 行.
SQL: SELECT b.* FROM fny_article_cate AS a, fny_cate AS b WHERE a.cid = b.id AND a. aid='2' [ RunTime:0.0010s ]
NOTIC: [8] Undefined index: mapping_order D:\upupw\vhosts\www.blog.com\Fennay\ThinkPHP\Library\Think\Model\RelationModel.class.php 第 186 行.
NOTIC: [8] Undefined index: mapping_limit D:\upupw\vhosts\www.blog.com\Fennay\ThinkPHP\Library\Think\Model\RelationModel.class.php 第 187 行.
SQL: SELECT b.* FROM fny_article_tag AS a, fny_tag AS b WHERE a.tid = b.id AND a. aid='2' [ RunTime:0.0010s ]
INFO: [ view_parse ] --START--
INFO: [ template_filter ] --START--
INFO: Run Behavior\ContentReplaceBehavior [ RunTime:0.000000s ]
INFO: [ template_filter ] --END-- [ RunTime:0.000000s ]
NOTIC: [8] Undefined variable: title D:\upupw\vhosts\www.blog.com\Fennay\Runtime\Cache\Padmin\657828c3ef7abf009f1ecbb6b0881652.php 第 21 行.
NOTIC: [8] Undefined variable: title D:\upupw\vhosts\www.blog.com\Fennay\Runtime\Cache\Padmin\657828c3ef7abf009f1ecbb6b0881652.php 第 583 行.
NOTIC: [8] Undefined variable: days D:\upupw\vhosts\www.blog.com\Fennay\Runtime\Cache\Padmin\657828c3ef7abf009f1ecbb6b0881652.php 第 589 行.
NOTIC: [8] Undefined variable: night D:\upupw\vhosts\www.blog.com\Fennay\Runtime\Cache\Padmin\657828c3ef7abf009f1ecbb6b0881652.php 第 590 行.
NOTIC: [8] Undefined variable: procode D:\upupw\vhosts\www.blog.com\Fennay\Runtime\Cache\Padmin\657828c3ef7abf009f1ecbb6b0881652.php 第 598 行.
NOTIC: [8] Undefined variable: from_price D:\upupw\vhosts\www.blog.com\Fennay\Runtime\Cache\Padmin\657828c3ef7abf009f1ecbb6b0881652.php 第 604 行.
NOTIC: [8] Undefined variable: to_price D:\upupw\vhosts\www.blog.com\Fennay\Runtime\Cache\Padmin\657828c3ef7abf009f1ecbb6b0881652.php 第 605 行.
NOTIC: [8] Undefined variable: from_godate D:\upupw\vhosts\www.blog.com\Fennay\Runtime\Cache\Padmin\657828c3ef7abf009f1ecbb6b0881652.php 第 611 行.
NOTIC: [8] Undefined variable: to_godate D:\upupw\vhosts\www.blog.com\Fennay\Runtime\Cache\Padmin\657828c3ef7abf009f1ecbb6b0881652.php 第 614 行.
INFO: Run Behavior\ParseTemplateBehavior [ RunTime:0.091005s ]
INFO: [ view_parse ] --END-- [ RunTime:0.091005s ]
INFO: [ view_filter ] --START--
INFO: Run Behavior\WriteHtmlCacheBehavior [ RunTime:0.000000s ]
INFO: [ view_filter ] --END-- [ RunTime:0.000000s ]
INFO: [ app_end ] --START--
INFO: Run Behavior\ShowPageTraceBehavior [ RunTime:0.001000s ]
INFO: [ app_end ] --END-- [ RunTime:0.001000s ]
NOTIC: [8] Use of undefined constant sssss - assumed 'sssss' D:\upupw\vhosts\www.blog.com\Fennay\index.php 第 29 行.

[ 2015-07-23T10:35:42+08:00 ] 127.0.0.1 /index.php/Padmin/Article/index.html
INFO: [ app_init ] --START--
INFO: Run Behavior\BuildLiteBehavior [ RunTime:0.000000s ]
INFO: [ app_init ] --END-- [ RunTime:0.000000s ]
INFO: [ app_begin ] --START--
INFO: Run Behavior\ReadHtmlCacheBehavior [ RunTime:0.000000s ]
INFO: [ app_begin ] --END-- [ RunTime:0.001000s ]
SQL: SHOW COLUMNS FROM `fny_manager` [ RunTime:0.0020s ]
SQL: SELECT * FROM `fny_manager` WHERE ( id=1 ) LIMIT 1   [ RunTime:0.0000s ]
SQL: SHOW COLUMNS FROM `fny_article` [ RunTime:0.0010s ]
SQL: SELECT COUNT(*) AS tp_count FROM `fny_article` WHERE `status` < 2 LIMIT 1   [ RunTime:0.0000s ]
SQL: SELECT * FROM `fny_article` WHERE `status` < 2 LIMIT 0,10   [ RunTime:0.0000s ]
SQL: SHOW COLUMNS FROM `fny_cate` [ RunTime:0.0020s ]
NOTIC: [8] Undefined index: mapping_order D:\upupw\vhosts\www.blog.com\Fennay\ThinkPHP\Library\Think\Model\RelationModel.class.php 第 186 行.
NOTIC: [8] Undefined index: mapping_limit D:\upupw\vhosts\www.blog.com\Fennay\ThinkPHP\Library\Think\Model\RelationModel.class.php 第 187 行.
SQL: SELECT b.* FROM fny_article_cate AS a, fny_cate AS b WHERE a.cid = b.id AND a. aid='1' [ RunTime:0.0000s ]
SQL: SHOW COLUMNS FROM `fny_tag` [ RunTime:0.0010s ]
NOTIC: [8] Undefined index: mapping_order D:\upupw\vhosts\www.blog.com\Fennay\ThinkPHP\Library\Think\Model\RelationModel.class.php 第 186 行.
NOTIC: [8] Undefined index: mapping_limit D:\upupw\vhosts\www.blog.com\Fennay\ThinkPHP\Library\Think\Model\RelationModel.class.php 第 187 行.
SQL: SELECT b.* FROM fny_article_tag AS a, fny_tag AS b WHERE a.tid = b.id AND a. aid='1' [ RunTime:0.0000s ]
NOTIC: [8] Undefined index: mapping_order D:\upupw\vhosts\www.blog.com\Fennay\ThinkPHP\Library\Think\Model\RelationModel.class.php 第 186 行.
NOTIC: [8] Undefined index: mapping_limit D:\upupw\vhosts\www.blog.com\Fennay\ThinkPHP\Library\Think\Model\RelationModel.class.php 第 187 行.
SQL: SELECT b.* FROM fny_article_cate AS a, fny_cate AS b WHERE a.cid = b.id AND a. aid='2' [ RunTime:0.0000s ]
NOTIC: [8] Undefined index: mapping_order D:\upupw\vhosts\www.blog.com\Fennay\ThinkPHP\Library\Think\Model\RelationModel.class.php 第 186 行.
NOTIC: [8] Undefined index: mapping_limit D:\upupw\vhosts\www.blog.com\Fennay\ThinkPHP\Library\Think\Model\RelationModel.class.php 第 187 行.
SQL: SELECT b.* FROM fny_article_tag AS a, fny_tag AS b WHERE a.tid = b.id AND a. aid='2' [ RunTime:0.0000s ]
INFO: [ view_parse ] --START--
INFO: [ template_filter ] --START--
INFO: Run Behavior\ContentReplaceBehavior [ RunTime:0.000000s ]
INFO: [ template_filter ] --END-- [ RunTime:0.000000s ]
NOTIC: [8] Undefined variable: title D:\upupw\vhosts\www.blog.com\Fennay\Runtime\Cache\Padmin\657828c3ef7abf009f1ecbb6b0881652.php 第 21 行.
NOTIC: [8] Undefined variable: title D:\upupw\vhosts\www.blog.com\Fennay\Runtime\Cache\Padmin\657828c3ef7abf009f1ecbb6b0881652.php 第 583 行.
NOTIC: [8] Undefined variable: days D:\upupw\vhosts\www.blog.com\Fennay\Runtime\Cache\Padmin\657828c3ef7abf009f1ecbb6b0881652.php 第 589 行.
NOTIC: [8] Undefined variable: night D:\upupw\vhosts\www.blog.com\Fennay\Runtime\Cache\Padmin\657828c3ef7abf009f1ecbb6b0881652.php 第 590 行.
NOTIC: [8] Undefined variable: procode D:\upupw\vhosts\www.blog.com\Fennay\Runtime\Cache\Padmin\657828c3ef7abf009f1ecbb6b0881652.php 第 598 行.
NOTIC: [8] Undefined variable: from_price D:\upupw\vhosts\www.blog.com\Fennay\Runtime\Cache\Padmin\657828c3ef7abf009f1ecbb6b0881652.php 第 604 行.
NOTIC: [8] Undefined variable: to_price D:\upupw\vhosts\www.blog.com\Fennay\Runtime\Cache\Padmin\657828c3ef7abf009f1ecbb6b0881652.php 第 605 行.
NOTIC: [8] Undefined variable: from_godate D:\upupw\vhosts\www.blog.com\Fennay\Runtime\Cache\Padmin\657828c3ef7abf009f1ecbb6b0881652.php 第 611 行.
NOTIC: [8] Undefined variable: to_godate D:\upupw\vhosts\www.blog.com\Fennay\Runtime\Cache\Padmin\657828c3ef7abf009f1ecbb6b0881652.php 第 614 行.
INFO: Run Behavior\ParseTemplateBehavior [ RunTime:0.026001s ]
INFO: [ view_parse ] --END-- [ RunTime:0.027001s ]
INFO: [ view_filter ] --START--
INFO: Run Behavior\WriteHtmlCacheBehavior [ RunTime:0.000000s ]
INFO: [ view_filter ] --END-- [ RunTime:0.001000s ]
INFO: [ app_end ] --START--
INFO: Run Behavior\ShowPageTraceBehavior [ RunTime:0.000000s ]
INFO: [ app_end ] --END-- [ RunTime:0.000000s ]
NOTIC: [8] Use of undefined constant sssss - assumed 'sssss' D:\upupw\vhosts\www.blog.com\Fennay\index.php 第 29 行.

[ 2015-07-23T11:40:54+08:00 ] 127.0.0.1 /index.php/Padmin/Article/index.html
INFO: [ app_init ] --START--
INFO: Run Behavior\BuildLiteBehavior [ RunTime:0.000000s ]
INFO: [ app_init ] --END-- [ RunTime:0.000000s ]
INFO: [ app_begin ] --START--
INFO: Run Behavior\ReadHtmlCacheBehavior [ RunTime:0.000000s ]
INFO: [ app_begin ] --END-- [ RunTime:0.000000s ]
SQL: SHOW COLUMNS FROM `fny_manager` [ RunTime:0.0020s ]
SQL: SELECT * FROM `fny_manager` WHERE ( id=1 ) LIMIT 1   [ RunTime:0.0010s ]
SQL: SHOW COLUMNS FROM `fny_article` [ RunTime:0.0020s ]
SQL: SELECT COUNT(*) AS tp_count FROM `fny_article` WHERE `status` < 2 LIMIT 1   [ RunTime:0.0000s ]
SQL: SELECT * FROM `fny_article` WHERE `status` < 2 LIMIT 0,10   [ RunTime:0.0000s ]
SQL: SHOW COLUMNS FROM `fny_cate` [ RunTime:0.0010s ]
NOTIC: [8] Undefined index: mapping_order D:\upupw\vhosts\www.blog.com\Fennay\ThinkPHP\Library\Think\Model\RelationModel.class.php 第 186 行.
NOTIC: [8] Undefined index: mapping_limit D:\upupw\vhosts\www.blog.com\Fennay\ThinkPHP\Library\Think\Model\RelationModel.class.php 第 187 行.
SQL: SELECT b.* FROM fny_article_cate AS a, fny_cate AS b WHERE a.cid = b.id AND a. aid='1' [ RunTime:0.0000s ]
SQL: SHOW COLUMNS FROM `fny_tag` [ RunTime:0.0020s ]
NOTIC: [8] Undefined index: mapping_order D:\upupw\vhosts\www.blog.com\Fennay\ThinkPHP\Library\Think\Model\RelationModel.class.php 第 186 行.
NOTIC: [8] Undefined index: mapping_limit D:\upupw\vhosts\www.blog.com\Fennay\ThinkPHP\Library\Think\Model\RelationModel.class.php 第 187 行.
SQL: SELECT b.* FROM fny_article_tag AS a, fny_tag AS b WHERE a.tid = b.id AND a. aid='1' [ RunTime:0.0010s ]
NOTIC: [8] Undefined index: mapping_order D:\upupw\vhosts\www.blog.com\Fennay\ThinkPHP\Library\Think\Model\RelationModel.class.php 第 186 行.
NOTIC: [8] Undefined index: mapping_limit D:\upupw\vhosts\www.blog.com\Fennay\ThinkPHP\Library\Think\Model\RelationModel.class.php 第 187 行.
SQL: SELECT b.* FROM fny_article_cate AS a, fny_cate AS b WHERE a.cid = b.id AND a. aid='2' [ RunTime:0.0010s ]
NOTIC: [8] Undefined index: mapping_order D:\upupw\vhosts\www.blog.com\Fennay\ThinkPHP\Library\Think\Model\RelationModel.class.php 第 186 行.
NOTIC: [8] Undefined index: mapping_limit D:\upupw\vhosts\www.blog.com\Fennay\ThinkPHP\Library\Think\Model\RelationModel.class.php 第 187 行.
SQL: SELECT b.* FROM fny_article_tag AS a, fny_tag AS b WHERE a.tid = b.id AND a. aid='2' [ RunTime:0.0000s ]
INFO: [ view_parse ] --START--
INFO: [ template_filter ] --START--
INFO: Run Behavior\ContentReplaceBehavior [ RunTime:0.001000s ]
INFO: [ template_filter ] --END-- [ RunTime:0.001000s ]
NOTIC: [8] Undefined variable: title D:\upupw\vhosts\www.blog.com\Fennay\Runtime\Cache\Padmin\657828c3ef7abf009f1ecbb6b0881652.php 第 21 行.
NOTIC: [8] Undefined variable: title D:\upupw\vhosts\www.blog.com\Fennay\Runtime\Cache\Padmin\657828c3ef7abf009f1ecbb6b0881652.php 第 583 行.
NOTIC: [8] Undefined variable: days D:\upupw\vhosts\www.blog.com\Fennay\Runtime\Cache\Padmin\657828c3ef7abf009f1ecbb6b0881652.php 第 589 行.
NOTIC: [8] Undefined variable: night D:\upupw\vhosts\www.blog.com\Fennay\Runtime\Cache\Padmin\657828c3ef7abf009f1ecbb6b0881652.php 第 590 行.
NOTIC: [8] Undefined variable: procode D:\upupw\vhosts\www.blog.com\Fennay\Runtime\Cache\Padmin\657828c3ef7abf009f1ecbb6b0881652.php 第 598 行.
NOTIC: [8] Undefined variable: from_price D:\upupw\vhosts\www.blog.com\Fennay\Runtime\Cache\Padmin\657828c3ef7abf009f1ecbb6b0881652.php 第 604 行.
NOTIC: [8] Undefined variable: to_price D:\upupw\vhosts\www.blog.com\Fennay\Runtime\Cache\Padmin\657828c3ef7abf009f1ecbb6b0881652.php 第 605 行.
NOTIC: [8] Undefined variable: from_godate D:\upupw\vhosts\www.blog.com\Fennay\Runtime\Cache\Padmin\657828c3ef7abf009f1ecbb6b0881652.php 第 611 行.
NOTIC: [8] Undefined variable: to_godate D:\upupw\vhosts\www.blog.com\Fennay\Runtime\Cache\Padmin\657828c3ef7abf009f1ecbb6b0881652.php 第 614 行.
INFO: Run Behavior\ParseTemplateBehavior [ RunTime:0.027002s ]
INFO: [ view_parse ] --END-- [ RunTime:0.028002s ]
INFO: [ view_filter ] --START--
INFO: Run Behavior\WriteHtmlCacheBehavior [ RunTime:0.000000s ]
INFO: [ view_filter ] --END-- [ RunTime:0.000000s ]
INFO: [ app_end ] --START--
INFO: Run Behavior\ShowPageTraceBehavior [ RunTime:0.001000s ]
INFO: [ app_end ] --END-- [ RunTime:0.001000s ]
NOTIC: [8] Use of undefined constant sssss - assumed 'sssss' D:\upupw\vhosts\www.blog.com\Fennay\index.php 第 29 行.

[ 2015-07-23T11:44:00+08:00 ] 127.0.0.1 /index.php/Padmin/Article/index.html
INFO: [ app_init ] --START--
INFO: Run Behavior\BuildLiteBehavior [ RunTime:0.000000s ]
INFO: [ app_init ] --END-- [ RunTime:0.001000s ]
INFO: [ app_begin ] --START--
INFO: Run Behavior\ReadHtmlCacheBehavior [ RunTime:0.001001s ]
INFO: [ app_begin ] --END-- [ RunTime:0.001001s ]
SQL: SHOW COLUMNS FROM `fny_manager` [ RunTime:0.0020s ]
SQL: SELECT * FROM `fny_manager` WHERE ( id=1 ) LIMIT 1   [ RunTime:0.0000s ]
SQL: SHOW COLUMNS FROM `fny_article` [ RunTime:0.0020s ]
SQL: SELECT COUNT(*) AS tp_count FROM `fny_article` WHERE `status` < 2 LIMIT 1   [ RunTime:0.0010s ]
SQL: SELECT * FROM `fny_article` WHERE `status` < 2 LIMIT 0,10   [ RunTime:0.0000s ]
SQL: SHOW COLUMNS FROM `fny_cate` [ RunTime:0.0020s ]
NOTIC: [8] Undefined index: mapping_order D:\upupw\vhosts\www.blog.com\Fennay\ThinkPHP\Library\Think\Model\RelationModel.class.php 第 186 行.
NOTIC: [8] Undefined index: mapping_limit D:\upupw\vhosts\www.blog.com\Fennay\ThinkPHP\Library\Think\Model\RelationModel.class.php 第 187 行.
SQL: SELECT b.* FROM fny_article_cate AS a, fny_cate AS b WHERE a.cid = b.id AND a. aid='1' [ RunTime:0.0010s ]
SQL: SHOW COLUMNS FROM `fny_tag` [ RunTime:0.0020s ]
NOTIC: [8] Undefined index: mapping_order D:\upupw\vhosts\www.blog.com\Fennay\ThinkPHP\Library\Think\Model\RelationModel.class.php 第 186 行.
NOTIC: [8] Undefined index: mapping_limit D:\upupw\vhosts\www.blog.com\Fennay\ThinkPHP\Library\Think\Model\RelationModel.class.php 第 187 行.
SQL: SELECT b.* FROM fny_article_tag AS a, fny_tag AS b WHERE a.tid = b.id AND a. aid='1' [ RunTime:0.0000s ]
NOTIC: [8] Undefined index: mapping_order D:\upupw\vhosts\www.blog.com\Fennay\ThinkPHP\Library\Think\Model\RelationModel.class.php 第 186 行.
NOTIC: [8] Undefined index: mapping_limit D:\upupw\vhosts\www.blog.com\Fennay\ThinkPHP\Library\Think\Model\RelationModel.class.php 第 187 行.
SQL: SELECT b.* FROM fny_article_cate AS a, fny_cate AS b WHERE a.cid = b.id AND a. aid='2' [ RunTime:0.0010s ]
NOTIC: [8] Undefined index: mapping_order D:\upupw\vhosts\www.blog.com\Fennay\ThinkPHP\Library\Think\Model\RelationModel.class.php 第 186 行.
NOTIC: [8] Undefined index: mapping_limit D:\upupw\vhosts\www.blog.com\Fennay\ThinkPHP\Library\Think\Model\RelationModel.class.php 第 187 行.
SQL: SELECT b.* FROM fny_article_tag AS a, fny_tag AS b WHERE a.tid = b.id AND a. aid='2' [ RunTime:0.0000s ]
INFO: [ view_parse ] --START--
INFO: [ template_filter ] --START--
INFO: Run Behavior\ContentReplaceBehavior [ RunTime:0.000000s ]
INFO: [ template_filter ] --END-- [ RunTime:0.000000s ]
NOTIC: [8] Undefined variable: title D:\upupw\vhosts\www.blog.com\Fennay\Runtime\Cache\Padmin\657828c3ef7abf009f1ecbb6b0881652.php 第 21 行.
NOTIC: [8] Undefined variable: title D:\upupw\vhosts\www.blog.com\Fennay\Runtime\Cache\Padmin\657828c3ef7abf009f1ecbb6b0881652.php 第 583 行.
NOTIC: [8] Undefined variable: days D:\upupw\vhosts\www.blog.com\Fennay\Runtime\Cache\Padmin\657828c3ef7abf009f1ecbb6b0881652.php 第 589 行.
NOTIC: [8] Undefined variable: night D:\upupw\vhosts\www.blog.com\Fennay\Runtime\Cache\Padmin\657828c3ef7abf009f1ecbb6b0881652.php 第 590 行.
NOTIC: [8] Undefined variable: procode D:\upupw\vhosts\www.blog.com\Fennay\Runtime\Cache\Padmin\657828c3ef7abf009f1ecbb6b0881652.php 第 598 行.
NOTIC: [8] Undefined variable: from_price D:\upupw\vhosts\www.blog.com\Fennay\Runtime\Cache\Padmin\657828c3ef7abf009f1ecbb6b0881652.php 第 604 行.
NOTIC: [8] Undefined variable: to_price D:\upupw\vhosts\www.blog.com\Fennay\Runtime\Cache\Padmin\657828c3ef7abf009f1ecbb6b0881652.php 第 605 行.
NOTIC: [8] Undefined variable: from_godate D:\upupw\vhosts\www.blog.com\Fennay\Runtime\Cache\Padmin\657828c3ef7abf009f1ecbb6b0881652.php 第 611 行.
NOTIC: [8] Undefined variable: to_godate D:\upupw\vhosts\www.blog.com\Fennay\Runtime\Cache\Padmin\657828c3ef7abf009f1ecbb6b0881652.php 第 614 行.
INFO: Run Behavior\ParseTemplateBehavior [ RunTime:0.029001s ]
INFO: [ view_parse ] --END-- [ RunTime:0.029001s ]
INFO: [ view_filter ] --START--
INFO: Run Behavior\WriteHtmlCacheBehavior [ RunTime:0.000000s ]
INFO: [ view_filter ] --END-- [ RunTime:0.000000s ]
INFO: [ app_end ] --START--
INFO: Run Behavior\ShowPageTraceBehavior [ RunTime:0.000000s ]
INFO: [ app_end ] --END-- [ RunTime:0.001000s ]
NOTIC: [8] Use of undefined constant sssss - assumed 'sssss' D:\upupw\vhosts\www.blog.com\Fennay\index.php 第 29 行.

[ 2015-07-23T18:16:59+08:00 ] 127.0.0.1 /index.php/Padmin/Article/index.html
INFO: [ app_init ] --START--
INFO: Run Behavior\BuildLiteBehavior [ RunTime:0.000000s ]
INFO: [ app_init ] --END-- [ RunTime:0.001000s ]
INFO: [ app_begin ] --START--
INFO: Run Behavior\ReadHtmlCacheBehavior [ RunTime:0.000000s ]
INFO: [ app_begin ] --END-- [ RunTime:0.001001s ]
SQL: SHOW COLUMNS FROM `fny_manager` [ RunTime:0.0020s ]
SQL: SELECT * FROM `fny_manager` WHERE ( id=1 ) LIMIT 1   [ RunTime:0.0000s ]
SQL: SHOW COLUMNS FROM `fny_article` [ RunTime:0.0010s ]
SQL: SELECT COUNT(*) AS tp_count FROM `fny_article` WHERE `status` < 2 LIMIT 1   [ RunTime:0.0000s ]
SQL: SELECT * FROM `fny_article` WHERE `status` < 2 LIMIT 0,10   [ RunTime:0.0010s ]
SQL: SHOW COLUMNS FROM `fny_cate` [ RunTime:0.0020s ]
NOTIC: [8] Undefined index: mapping_order D:\upupw\vhosts\www.blog.com\Fennay\ThinkPHP\Library\Think\Model\RelationModel.class.php 第 186 行.
NOTIC: [8] Undefined index: mapping_limit D:\upupw\vhosts\www.blog.com\Fennay\ThinkPHP\Library\Think\Model\RelationModel.class.php 第 187 行.
SQL: SELECT b.* FROM fny_article_cate AS a, fny_cate AS b WHERE a.cid = b.id AND a. aid='1' [ RunTime:0.0000s ]
SQL: SHOW COLUMNS FROM `fny_tag` [ RunTime:0.0010s ]
NOTIC: [8] Undefined index: mapping_order D:\upupw\vhosts\www.blog.com\Fennay\ThinkPHP\Library\Think\Model\RelationModel.class.php 第 186 行.
NOTIC: [8] Undefined index: mapping_limit D:\upupw\vhosts\www.blog.com\Fennay\ThinkPHP\Library\Think\Model\RelationModel.class.php 第 187 行.
SQL: SELECT b.* FROM fny_article_tag AS a, fny_tag AS b WHERE a.tid = b.id AND a. aid='1' [ RunTime:0.0000s ]
NOTIC: [8] Undefined index: mapping_order D:\upupw\vhosts\www.blog.com\Fennay\ThinkPHP\Library\Think\Model\RelationModel.class.php 第 186 行.
NOTIC: [8] Undefined index: mapping_limit D:\upupw\vhosts\www.blog.com\Fennay\ThinkPHP\Library\Think\Model\RelationModel.class.php 第 187 行.
SQL: SELECT b.* FROM fny_article_cate AS a, fny_cate AS b WHERE a.cid = b.id AND a. aid='2' [ RunTime:0.0000s ]
NOTIC: [8] Undefined index: mapping_order D:\upupw\vhosts\www.blog.com\Fennay\ThinkPHP\Library\Think\Model\RelationModel.class.php 第 186 行.
NOTIC: [8] Undefined index: mapping_limit D:\upupw\vhosts\www.blog.com\Fennay\ThinkPHP\Library\Think\Model\RelationModel.class.php 第 187 行.
SQL: SELECT b.* FROM fny_article_tag AS a, fny_tag AS b WHERE a.tid = b.id AND a. aid='2' [ RunTime:0.0000s ]
INFO: [ view_parse ] --START--
INFO: [ template_filter ] --START--
INFO: Run Behavior\ContentReplaceBehavior [ RunTime:0.000000s ]
INFO: [ template_filter ] --END-- [ RunTime:0.001000s ]
NOTIC: [8] Undefined variable: title D:\upupw\vhosts\www.blog.com\Fennay\Runtime\Cache\Padmin\657828c3ef7abf009f1ecbb6b0881652.php 第 21 行.
NOTIC: [8] Undefined variable: title D:\upupw\vhosts\www.blog.com\Fennay\Runtime\Cache\Padmin\657828c3ef7abf009f1ecbb6b0881652.php 第 583 行.
NOTIC: [8] Undefined variable: days D:\upupw\vhosts\www.blog.com\Fennay\Runtime\Cache\Padmin\657828c3ef7abf009f1ecbb6b0881652.php 第 589 行.
NOTIC: [8] Undefined variable: night D:\upupw\vhosts\www.blog.com\Fennay\Runtime\Cache\Padmin\657828c3ef7abf009f1ecbb6b0881652.php 第 590 行.
NOTIC: [8] Undefined variable: procode D:\upupw\vhosts\www.blog.com\Fennay\Runtime\Cache\Padmin\657828c3ef7abf009f1ecbb6b0881652.php 第 598 行.
NOTIC: [8] Undefined variable: from_price D:\upupw\vhosts\www.blog.com\Fennay\Runtime\Cache\Padmin\657828c3ef7abf009f1ecbb6b0881652.php 第 604 行.
NOTIC: [8] Undefined variable: to_price D:\upupw\vhosts\www.blog.com\Fennay\Runtime\Cache\Padmin\657828c3ef7abf009f1ecbb6b0881652.php 第 605 行.
NOTIC: [8] Undefined variable: from_godate D:\upupw\vhosts\www.blog.com\Fennay\Runtime\Cache\Padmin\657828c3ef7abf009f1ecbb6b0881652.php 第 611 行.
NOTIC: [8] Undefined variable: to_godate D:\upupw\vhosts\www.blog.com\Fennay\Runtime\Cache\Padmin\657828c3ef7abf009f1ecbb6b0881652.php 第 614 行.
INFO: Run Behavior\ParseTemplateBehavior [ RunTime:0.027002s ]
INFO: [ view_parse ] --END-- [ RunTime:0.027002s ]
INFO: [ view_filter ] --START--
INFO: Run Behavior\WriteHtmlCacheBehavior [ RunTime:0.000000s ]
INFO: [ view_filter ] --END-- [ RunTime:0.000000s ]
INFO: [ app_end ] --START--
INFO: Run Behavior\ShowPageTraceBehavior [ RunTime:0.001000s ]
INFO: [ app_end ] --END-- [ RunTime:0.001000s ]
NOTIC: [8] Use of undefined constant sssss - assumed 'sssss' D:\upupw\vhosts\www.blog.com\Fennay\index.php 第 29 行.

[ 2015-07-23T18:17:00+08:00 ] 127.0.0.1 /index.php/Padmin/Article/index.html
INFO: [ app_init ] --START--
INFO: Run Behavior\BuildLiteBehavior [ RunTime:0.000000s ]
INFO: [ app_init ] --END-- [ RunTime:0.000000s ]
INFO: [ app_begin ] --START--
INFO: Run Behavior\ReadHtmlCacheBehavior [ RunTime:0.000000s ]
INFO: [ app_begin ] --END-- [ RunTime:0.000000s ]
SQL: SHOW COLUMNS FROM `fny_manager` [ RunTime:0.0030s ]
SQL: SELECT * FROM `fny_manager` WHERE ( id=1 ) LIMIT 1   [ RunTime:0.0010s ]
SQL: SHOW COLUMNS FROM `fny_article` [ RunTime:0.0020s ]
SQL: SELECT COUNT(*) AS tp_count FROM `fny_article` WHERE `status` < 2 LIMIT 1   [ RunTime:0.0010s ]
SQL: SELECT * FROM `fny_article` WHERE `status` < 2 LIMIT 0,10   [ RunTime:0.0000s ]
SQL: SHOW COLUMNS FROM `fny_cate` [ RunTime:0.0020s ]
NOTIC: [8] Undefined index: mapping_order D:\upupw\vhosts\www.blog.com\Fennay\ThinkPHP\Library\Think\Model\RelationModel.class.php 第 186 行.
NOTIC: [8] Undefined index: mapping_limit D:\upupw\vhosts\www.blog.com\Fennay\ThinkPHP\Library\Think\Model\RelationModel.class.php 第 187 行.
SQL: SELECT b.* FROM fny_article_cate AS a, fny_cate AS b WHERE a.cid = b.id AND a. aid='1' [ RunTime:0.0010s ]
SQL: SHOW COLUMNS FROM `fny_tag` [ RunTime:0.0020s ]
NOTIC: [8] Undefined index: mapping_order D:\upupw\vhosts\www.blog.com\Fennay\ThinkPHP\Library\Think\Model\RelationModel.class.php 第 186 行.
NOTIC: [8] Undefined index: mapping_limit D:\upupw\vhosts\www.blog.com\Fennay\ThinkPHP\Library\Think\Model\RelationModel.class.php 第 187 行.
SQL: SELECT b.* FROM fny_article_tag AS a, fny_tag AS b WHERE a.tid = b.id AND a. aid='1' [ RunTime:0.0000s ]
NOTIC: [8] Undefined index: mapping_order D:\upupw\vhosts\www.blog.com\Fennay\ThinkPHP\Library\Think\Model\RelationModel.class.php 第 186 行.
NOTIC: [8] Undefined index: mapping_limit D:\upupw\vhosts\www.blog.com\Fennay\ThinkPHP\Library\Think\Model\RelationModel.class.php 第 187 行.
SQL: SELECT b.* FROM fny_article_cate AS a, fny_cate AS b WHERE a.cid = b.id AND a. aid='2' [ RunTime:0.0000s ]
NOTIC: [8] Undefined index: mapping_order D:\upupw\vhosts\www.blog.com\Fennay\ThinkPHP\Library\Think\Model\RelationModel.class.php 第 186 行.
NOTIC: [8] Undefined index: mapping_limit D:\upupw\vhosts\www.blog.com\Fennay\ThinkPHP\Library\Think\Model\RelationModel.class.php 第 187 行.
SQL: SELECT b.* FROM fny_article_tag AS a, fny_tag AS b WHERE a.tid = b.id AND a. aid='2' [ RunTime:0.0000s ]
INFO: [ view_parse ] --START--
INFO: [ template_filter ] --START--
INFO: Run Behavior\ContentReplaceBehavior [ RunTime:0.000000s ]
INFO: [ template_filter ] --END-- [ RunTime:0.000000s ]
NOTIC: [8] Undefined variable: title D:\upupw\vhosts\www.blog.com\Fennay\Runtime\Cache\Padmin\657828c3ef7abf009f1ecbb6b0881652.php 第 21 行.
NOTIC: [8] Undefined variable: title D:\upupw\vhosts\www.blog.com\Fennay\Runtime\Cache\Padmin\657828c3ef7abf009f1ecbb6b0881652.php 第 583 行.
NOTIC: [8] Undefined variable: days D:\upupw\vhosts\www.blog.com\Fennay\Runtime\Cache\Padmin\657828c3ef7abf009f1ecbb6b0881652.php 第 589 行.
NOTIC: [8] Undefined variable: night D:\upupw\vhosts\www.blog.com\Fennay\Runtime\Cache\Padmin\657828c3ef7abf009f1ecbb6b0881652.php 第 590 行.
NOTIC: [8] Undefined variable: procode D:\upupw\vhosts\www.blog.com\Fennay\Runtime\Cache\Padmin\657828c3ef7abf009f1ecbb6b0881652.php 第 598 行.
NOTIC: [8] Undefined variable: from_price D:\upupw\vhosts\www.blog.com\Fennay\Runtime\Cache\Padmin\657828c3ef7abf009f1ecbb6b0881652.php 第 604 行.
NOTIC: [8] Undefined variable: to_price D:\upupw\vhosts\www.blog.com\Fennay\Runtime\Cache\Padmin\657828c3ef7abf009f1ecbb6b0881652.php 第 605 行.
NOTIC: [8] Undefined variable: from_godate D:\upupw\vhosts\www.blog.com\Fennay\Runtime\Cache\Padmin\657828c3ef7abf009f1ecbb6b0881652.php 第 611 行.
NOTIC: [8] Undefined variable: to_godate D:\upupw\vhosts\www.blog.com\Fennay\Runtime\Cache\Padmin\657828c3ef7abf009f1ecbb6b0881652.php 第 614 行.
INFO: Run Behavior\ParseTemplateBehavior [ RunTime:0.020002s ]
INFO: [ view_parse ] --END-- [ RunTime:0.020002s ]
INFO: [ view_filter ] --START--
INFO: Run Behavior\WriteHtmlCacheBehavior [ RunTime:0.000000s ]
INFO: [ view_filter ] --END-- [ RunTime:0.000000s ]
INFO: [ app_end ] --START--
INFO: Run Behavior\ShowPageTraceBehavior [ RunTime:0.001000s ]
INFO: [ app_end ] --END-- [ RunTime:0.001000s ]
NOTIC: [8] Use of undefined constant sssss - assumed 'sssss' D:\upupw\vhosts\www.blog.com\Fennay\index.php 第 29 行.

[ 2015-07-23T18:17:02+08:00 ] 127.0.0.1 /index.php/Padmin/Article/index.html
INFO: [ app_init ] --START--
INFO: Run Behavior\BuildLiteBehavior [ RunTime:0.000000s ]
INFO: [ app_init ] --END-- [ RunTime:0.001000s ]
INFO: [ app_begin ] --START--
INFO: Run Behavior\ReadHtmlCacheBehavior [ RunTime:0.001000s ]
INFO: [ app_begin ] --END-- [ RunTime:0.002000s ]
SQL: SHOW COLUMNS FROM `fny_manager` [ RunTime:0.0020s ]
SQL: SELECT * FROM `fny_manager` WHERE ( id=1 ) LIMIT 1   [ RunTime:0.0000s ]
SQL: SHOW COLUMNS FROM `fny_article` [ RunTime:0.0020s ]
SQL: SELECT COUNT(*) AS tp_count FROM `fny_article` WHERE `status` < 2 LIMIT 1   [ RunTime:0.0000s ]
SQL: SELECT * FROM `fny_article` WHERE `status` < 2 LIMIT 0,10   [ RunTime:0.0000s ]
SQL: SHOW COLUMNS FROM `fny_cate` [ RunTime:0.0020s ]
NOTIC: [8] Undefined index: mapping_order D:\upupw\vhosts\www.blog.com\Fennay\ThinkPHP\Library\Think\Model\RelationModel.class.php 第 186 行.
NOTIC: [8] Undefined index: mapping_limit D:\upupw\vhosts\www.blog.com\Fennay\ThinkPHP\Library\Think\Model\RelationModel.class.php 第 187 行.
SQL: SELECT b.* FROM fny_article_cate AS a, fny_cate AS b WHERE a.cid = b.id AND a. aid='1' [ RunTime:0.0010s ]
SQL: SHOW COLUMNS FROM `fny_tag` [ RunTime:0.0020s ]
NOTIC: [8] Undefined index: mapping_order D:\upupw\vhosts\www.blog.com\Fennay\ThinkPHP\Library\Think\Model\RelationModel.class.php 第 186 行.
NOTIC: [8] Undefined index: mapping_limit D:\upupw\vhosts\www.blog.com\Fennay\ThinkPHP\Library\Think\Model\RelationModel.class.php 第 187 行.
SQL: SELECT b.* FROM fny_article_tag AS a, fny_tag AS b WHERE a.tid = b.id AND a. aid='1' [ RunTime:0.0000s ]
NOTIC: [8] Undefined index: mapping_order D:\upupw\vhosts\www.blog.com\Fennay\ThinkPHP\Library\Think\Model\RelationModel.class.php 第 186 行.
NOTIC: [8] Undefined index: mapping_limit D:\upupw\vhosts\www.blog.com\Fennay\ThinkPHP\Library\Think\Model\RelationModel.class.php 第 187 行.
SQL: SELECT b.* FROM fny_article_cate AS a, fny_cate AS b WHERE a.cid = b.id AND a. aid='2' [ RunTime:0.0010s ]
NOTIC: [8] Undefined index: mapping_order D:\upupw\vhosts\www.blog.com\Fennay\ThinkPHP\Library\Think\Model\RelationModel.class.php 第 186 行.
NOTIC: [8] Undefined index: mapping_limit D:\upupw\vhosts\www.blog.com\Fennay\ThinkPHP\Library\Think\Model\RelationModel.class.php 第 187 行.
SQL: SELECT b.* FROM fny_article_tag AS a, fny_tag AS b WHERE a.tid = b.id AND a. aid='2' [ RunTime:0.0000s ]
INFO: [ view_parse ] --START--
INFO: [ template_filter ] --START--
INFO: Run Behavior\ContentReplaceBehavior [ RunTime:0.001000s ]
INFO: [ template_filter ] --END-- [ RunTime:0.001000s ]
NOTIC: [8] Undefined variable: title D:\upupw\vhosts\www.blog.com\Fennay\Runtime\Cache\Padmin\657828c3ef7abf009f1ecbb6b0881652.php 第 21 行.
NOTIC: [8] Undefined variable: title D:\upupw\vhosts\www.blog.com\Fennay\Runtime\Cache\Padmin\657828c3ef7abf009f1ecbb6b0881652.php 第 583 行.
NOTIC: [8] Undefined variable: days D:\upupw\vhosts\www.blog.com\Fennay\Runtime\Cache\Padmin\657828c3ef7abf009f1ecbb6b0881652.php 第 589 行.
NOTIC: [8] Undefined variable: night D:\upupw\vhosts\www.blog.com\Fennay\Runtime\Cache\Padmin\657828c3ef7abf009f1ecbb6b0881652.php 第 590 行.
NOTIC: [8] Undefined variable: procode D:\upupw\vhosts\www.blog.com\Fennay\Runtime\Cache\Padmin\657828c3ef7abf009f1ecbb6b0881652.php 第 598 行.
NOTIC: [8] Undefined variable: from_price D:\upupw\vhosts\www.blog.com\Fennay\Runtime\Cache\Padmin\657828c3ef7abf009f1ecbb6b0881652.php 第 604 行.
NOTIC: [8] Undefined variable: to_price D:\upupw\vhosts\www.blog.com\Fennay\Runtime\Cache\Padmin\657828c3ef7abf009f1ecbb6b0881652.php 第 605 行.
NOTIC: [8] Undefined variable: from_godate D:\upupw\vhosts\www.blog.com\Fennay\Runtime\Cache\Padmin\657828c3ef7abf009f1ecbb6b0881652.php 第 611 行.
NOTIC: [8] Undefined variable: to_godate D:\upupw\vhosts\www.blog.com\Fennay\Runtime\Cache\Padmin\657828c3ef7abf009f1ecbb6b0881652.php 第 614 行.
INFO: Run Behavior\ParseTemplateBehavior [ RunTime:0.020001s ]
INFO: [ view_parse ] --END-- [ RunTime:0.020001s ]
INFO: [ view_filter ] --START--
INFO: Run Behavior\WriteHtmlCacheBehavior [ RunTime:0.000000s ]
INFO: [ view_filter ] --END-- [ RunTime:0.000000s ]
INFO: [ app_end ] --START--
INFO: Run Behavior\ShowPageTraceBehavior [ RunTime:0.000000s ]
INFO: [ app_end ] --END-- [ RunTime:0.001000s ]
NOTIC: [8] Use of undefined constant sssss - assumed 'sssss' D:\upupw\vhosts\www.blog.com\Fennay\index.php 第 29 行.

[ 2015-07-23T18:25:09+08:00 ] 127.0.0.1 /index.php/Padmin/Index/index.html
INFO: [ app_init ] --START--
INFO: Run Behavior\BuildLiteBehavior [ RunTime:0.000000s ]
INFO: [ app_init ] --END-- [ RunTime:0.001000s ]
INFO: [ app_begin ] --START--
INFO: Run Behavior\ReadHtmlCacheBehavior [ RunTime:0.000000s ]
INFO: [ app_begin ] --END-- [ RunTime:0.000000s ]
SQL: SHOW COLUMNS FROM `fny_manager` [ RunTime:0.0020s ]
SQL: SELECT * FROM `fny_manager` WHERE ( id=1 ) LIMIT 1   [ RunTime:0.0000s ]
INFO: [ view_parse ] --START--
INFO: [ template_filter ] --START--
INFO: Run Behavior\ContentReplaceBehavior [ RunTime:0.000000s ]
INFO: [ template_filter ] --END-- [ RunTime:0.001000s ]
NOTIC: [8] Undefined variable: title D:\upupw\vhosts\www.blog.com\Fennay\Runtime\Cache\Padmin\3d4e9b029cf63bfe32eafaa70ce8011b.php 第 21 行.
INFO: Run Behavior\ParseTemplateBehavior [ RunTime:0.020001s ]
INFO: [ view_parse ] --END-- [ RunTime:0.020001s ]
INFO: [ view_filter ] --START--
INFO: Run Behavior\WriteHtmlCacheBehavior [ RunTime:0.000000s ]
INFO: [ view_filter ] --END-- [ RunTime:0.001000s ]
INFO: [ app_end ] --START--
INFO: Run Behavior\ShowPageTraceBehavior [ RunTime:0.001000s ]
INFO: [ app_end ] --END-- [ RunTime:0.001000s ]
NOTIC: [8] Use of undefined constant sssss - assumed 'sssss' D:\upupw\vhosts\www.blog.com\Fennay\index.php 第 29 行.

[ 2015-07-23T18:25:14+08:00 ] 127.0.0.1 /index.php/Padmin/Index/index.html
INFO: [ app_init ] --START--
INFO: Run Behavior\BuildLiteBehavior [ RunTime:0.001000s ]
INFO: [ app_init ] --END-- [ RunTime:0.001000s ]
INFO: [ app_begin ] --START--
INFO: Run Behavior\ReadHtmlCacheBehavior [ RunTime:0.000000s ]
INFO: [ app_begin ] --END-- [ RunTime:0.001000s ]
SQL: SHOW COLUMNS FROM `fny_manager` [ RunTime:0.0020s ]
SQL: SELECT * FROM `fny_manager` WHERE ( id=1 ) LIMIT 1   [ RunTime:0.0010s ]
INFO: [ view_parse ] --START--
INFO: [ template_filter ] --START--
INFO: Run Behavior\ContentReplaceBehavior [ RunTime:0.000000s ]
INFO: [ template_filter ] --END-- [ RunTime:0.000000s ]
NOTIC: [8] Undefined variable: title D:\upupw\vhosts\www.blog.com\Fennay\Runtime\Cache\Padmin\3d4e9b029cf63bfe32eafaa70ce8011b.php 第 21 行.
INFO: Run Behavior\ParseTemplateBehavior [ RunTime:0.011001s ]
INFO: [ view_parse ] --END-- [ RunTime:0.011001s ]
INFO: [ view_filter ] --START--
INFO: Run Behavior\WriteHtmlCacheBehavior [ RunTime:0.000000s ]
INFO: [ view_filter ] --END-- [ RunTime:0.000000s ]
INFO: [ app_end ] --START--
INFO: Run Behavior\ShowPageTraceBehavior [ RunTime:0.001000s ]
INFO: [ app_end ] --END-- [ RunTime:0.001000s ]
NOTIC: [8] Use of undefined constant sssss - assumed 'sssss' D:\upupw\vhosts\www.blog.com\Fennay\index.php 第 29 行.

[ 2015-07-23T18:25:54+08:00 ] 127.0.0.1 /index.php/Padmin/Article/index.html
INFO: [ app_init ] --START--
INFO: Run Behavior\BuildLiteBehavior [ RunTime:0.001001s ]
INFO: [ app_init ] --END-- [ RunTime:0.001001s ]
INFO: [ app_begin ] --START--
INFO: Run Behavior\ReadHtmlCacheBehavior [ RunTime:0.000000s ]
INFO: [ app_begin ] --END-- [ RunTime:0.000000s ]
SQL: SHOW COLUMNS FROM `fny_manager` [ RunTime:0.0010s ]
SQL: SELECT * FROM `fny_manager` WHERE ( id=1 ) LIMIT 1   [ RunTime:0.0000s ]
SQL: SHOW COLUMNS FROM `fny_article` [ RunTime:0.0020s ]
SQL: SELECT COUNT(*) AS tp_count FROM `fny_article` WHERE `status` < 2 LIMIT 1   [ RunTime:0.0000s ]
SQL: SELECT * FROM `fny_article` WHERE `status` < 2 LIMIT 0,10   [ RunTime:0.0000s ]
SQL: SHOW COLUMNS FROM `fny_cate` [ RunTime:0.0020s ]
NOTIC: [8] Undefined index: mapping_order D:\upupw\vhosts\www.blog.com\Fennay\ThinkPHP\Library\Think\Model\RelationModel.class.php 第 186 行.
NOTIC: [8] Undefined index: mapping_limit D:\upupw\vhosts\www.blog.com\Fennay\ThinkPHP\Library\Think\Model\RelationModel.class.php 第 187 行.
SQL: SELECT b.* FROM fny_article_cate AS a, fny_cate AS b WHERE a.cid = b.id AND a. aid='1' [ RunTime:0.0010s ]
SQL: SHOW COLUMNS FROM `fny_tag` [ RunTime:0.0020s ]
NOTIC: [8] Undefined index: mapping_order D:\upupw\vhosts\www.blog.com\Fennay\ThinkPHP\Library\Think\Model\RelationModel.class.php 第 186 行.
NOTIC: [8] Undefined index: mapping_limit D:\upupw\vhosts\www.blog.com\Fennay\ThinkPHP\Library\Think\Model\RelationModel.class.php 第 187 行.
SQL: SELECT b.* FROM fny_article_tag AS a, fny_tag AS b WHERE a.tid = b.id AND a. aid='1' [ RunTime:0.0000s ]
NOTIC: [8] Undefined index: mapping_order D:\upupw\vhosts\www.blog.com\Fennay\ThinkPHP\Library\Think\Model\RelationModel.class.php 第 186 行.
NOTIC: [8] Undefined index: mapping_limit D:\upupw\vhosts\www.blog.com\Fennay\ThinkPHP\Library\Think\Model\RelationModel.class.php 第 187 行.
SQL: SELECT b.* FROM fny_article_cate AS a, fny_cate AS b WHERE a.cid = b.id AND a. aid='2' [ RunTime:0.0010s ]
NOTIC: [8] Undefined index: mapping_order D:\upupw\vhosts\www.blog.com\Fennay\ThinkPHP\Library\Think\Model\RelationModel.class.php 第 186 行.
NOTIC: [8] Undefined index: mapping_limit D:\upupw\vhosts\www.blog.com\Fennay\ThinkPHP\Library\Think\Model\RelationModel.class.php 第 187 行.
SQL: SELECT b.* FROM fny_article_tag AS a, fny_tag AS b WHERE a.tid = b.id AND a. aid='2' [ RunTime:0.0000s ]
INFO: [ view_parse ] --START--
INFO: [ template_filter ] --START--
INFO: Run Behavior\ContentReplaceBehavior [ RunTime:0.000000s ]
INFO: [ template_filter ] --END-- [ RunTime:0.000000s ]
NOTIC: [8] Undefined variable: title D:\upupw\vhosts\www.blog.com\Fennay\Runtime\Cache\Padmin\657828c3ef7abf009f1ecbb6b0881652.php 第 21 行.
NOTIC: [8] Undefined variable: title D:\upupw\vhosts\www.blog.com\Fennay\Runtime\Cache\Padmin\657828c3ef7abf009f1ecbb6b0881652.php 第 583 行.
NOTIC: [8] Undefined variable: days D:\upupw\vhosts\www.blog.com\Fennay\Runtime\Cache\Padmin\657828c3ef7abf009f1ecbb6b0881652.php 第 589 行.
NOTIC: [8] Undefined variable: night D:\upupw\vhosts\www.blog.com\Fennay\Runtime\Cache\Padmin\657828c3ef7abf009f1ecbb6b0881652.php 第 590 行.
NOTIC: [8] Undefined variable: procode D:\upupw\vhosts\www.blog.com\Fennay\Runtime\Cache\Padmin\657828c3ef7abf009f1ecbb6b0881652.php 第 598 行.
NOTIC: [8] Undefined variable: from_price D:\upupw\vhosts\www.blog.com\Fennay\Runtime\Cache\Padmin\657828c3ef7abf009f1ecbb6b0881652.php 第 604 行.
NOTIC: [8] Undefined variable: to_price D:\upupw\vhosts\www.blog.com\Fennay\Runtime\Cache\Padmin\657828c3ef7abf009f1ecbb6b0881652.php 第 605 行.
NOTIC: [8] Undefined variable: from_godate D:\upupw\vhosts\www.blog.com\Fennay\Runtime\Cache\Padmin\657828c3ef7abf009f1ecbb6b0881652.php 第 611 行.
NOTIC: [8] Undefined variable: to_godate D:\upupw\vhosts\www.blog.com\Fennay\Runtime\Cache\Padmin\657828c3ef7abf009f1ecbb6b0881652.php 第 614 行.
INFO: Run Behavior\ParseTemplateBehavior [ RunTime:0.020001s ]
INFO: [ view_parse ] --END-- [ RunTime:0.020001s ]
INFO: [ view_filter ] --START--
INFO: Run Behavior\WriteHtmlCacheBehavior [ RunTime:0.001000s ]
INFO: [ view_filter ] --END-- [ RunTime:0.001000s ]
INFO: [ app_end ] --START--
INFO: Run Behavior\ShowPageTraceBehavior [ RunTime:0.001000s ]
INFO: [ app_end ] --END-- [ RunTime:0.001000s ]
NOTIC: [8] Use of undefined constant sssss - assumed 'sssss' D:\upupw\vhosts\www.blog.com\Fennay\index.php 第 29 行.

[ 2015-07-23T18:26:02+08:00 ] 127.0.0.1 /index.php/Padmin/Article/index.html
INFO: [ app_init ] --START--
INFO: Run Behavior\BuildLiteBehavior [ RunTime:0.000000s ]
INFO: [ app_init ] --END-- [ RunTime:0.001000s ]
INFO: [ app_begin ] --START--
INFO: Run Behavior\ReadHtmlCacheBehavior [ RunTime:0.000000s ]
INFO: [ app_begin ] --END-- [ RunTime:0.000000s ]
SQL: SHOW COLUMNS FROM `fny_manager` [ RunTime:0.0020s ]
SQL: SELECT * FROM `fny_manager` WHERE ( id=1 ) LIMIT 1   [ RunTime:0.0000s ]
SQL: SHOW COLUMNS FROM `fny_article` [ RunTime:0.0020s ]
SQL: SELECT COUNT(*) AS tp_count FROM `fny_article` WHERE `status` < 2 LIMIT 1   [ RunTime:0.0010s ]
SQL: SELECT * FROM `fny_article` WHERE `status` < 2 LIMIT 0,10   [ RunTime:0.0000s ]
SQL: SHOW COLUMNS FROM `fny_cate` [ RunTime:0.0020s ]
NOTIC: [8] Undefined index: mapping_order D:\upupw\vhosts\www.blog.com\Fennay\ThinkPHP\Library\Think\Model\RelationModel.class.php 第 186 行.
NOTIC: [8] Undefined index: mapping_limit D:\upupw\vhosts\www.blog.com\Fennay\ThinkPHP\Library\Think\Model\RelationModel.class.php 第 187 行.
SQL: SELECT b.* FROM fny_article_cate AS a, fny_cate AS b WHERE a.cid = b.id AND a. aid='1' [ RunTime:0.0000s ]
SQL: SHOW COLUMNS FROM `fny_tag` [ RunTime:0.0020s ]
NOTIC: [8] Undefined index: mapping_order D:\upupw\vhosts\www.blog.com\Fennay\ThinkPHP\Library\Think\Model\RelationModel.class.php 第 186 行.
NOTIC: [8] Undefined index: mapping_limit D:\upupw\vhosts\www.blog.com\Fennay\ThinkPHP\Library\Think\Model\RelationModel.class.php 第 187 行.
SQL: SELECT b.* FROM fny_article_tag AS a, fny_tag AS b WHERE a.tid = b.id AND a. aid='1' [ RunTime:0.0000s ]
NOTIC: [8] Undefined index: mapping_order D:\upupw\vhosts\www.blog.com\Fennay\ThinkPHP\Library\Think\Model\RelationModel.class.php 第 186 行.
NOTIC: [8] Undefined index: mapping_limit D:\upupw\vhosts\www.blog.com\Fennay\ThinkPHP\Library\Think\Model\RelationModel.class.php 第 187 行.
SQL: SELECT b.* FROM fny_article_cate AS a, fny_cate AS b WHERE a.cid = b.id AND a. aid='2' [ RunTime:0.0000s ]
NOTIC: [8] Undefined index: mapping_order D:\upupw\vhosts\www.blog.com\Fennay\ThinkPHP\Library\Think\Model\RelationModel.class.php 第 186 行.
NOTIC: [8] Undefined index: mapping_limit D:\upupw\vhosts\www.blog.com\Fennay\ThinkPHP\Library\Think\Model\RelationModel.class.php 第 187 行.
SQL: SELECT b.* FROM fny_article_tag AS a, fny_tag AS b WHERE a.tid = b.id AND a. aid='2' [ RunTime:0.0000s ]
INFO: [ view_parse ] --START--
INFO: [ template_filter ] --START--
INFO: Run Behavior\ContentReplaceBehavior [ RunTime:0.000000s ]
INFO: [ template_filter ] --END-- [ RunTime:0.001000s ]
NOTIC: [8] Undefined variable: title D:\upupw\vhosts\www.blog.com\Fennay\Runtime\Cache\Padmin\657828c3ef7abf009f1ecbb6b0881652.php 第 21 行.
NOTIC: [8] Undefined variable: title D:\upupw\vhosts\www.blog.com\Fennay\Runtime\Cache\Padmin\657828c3ef7abf009f1ecbb6b0881652.php 第 583 行.
NOTIC: [8] Undefined variable: days D:\upupw\vhosts\www.blog.com\Fennay\Runtime\Cache\Padmin\657828c3ef7abf009f1ecbb6b0881652.php 第 589 行.
NOTIC: [8] Undefined variable: night D:\upupw\vhosts\www.blog.com\Fennay\Runtime\Cache\Padmin\657828c3ef7abf009f1ecbb6b0881652.php 第 590 行.
NOTIC: [8] Undefined variable: procode D:\upupw\vhosts\www.blog.com\Fennay\Runtime\Cache\Padmin\657828c3ef7abf009f1ecbb6b0881652.php 第 598 行.
NOTIC: [8] Undefined variable: from_price D:\upupw\vhosts\www.blog.com\Fennay\Runtime\Cache\Padmin\657828c3ef7abf009f1ecbb6b0881652.php 第 604 行.
NOTIC: [8] Undefined variable: to_price D:\upupw\vhosts\www.blog.com\Fennay\Runtime\Cache\Padmin\657828c3ef7abf009f1ecbb6b0881652.php 第 605 行.
NOTIC: [8] Undefined variable: from_godate D:\upupw\vhosts\www.blog.com\Fennay\Runtime\Cache\Padmin\657828c3ef7abf009f1ecbb6b0881652.php 第 611 行.
NOTIC: [8] Undefined variable: to_godate D:\upupw\vhosts\www.blog.com\Fennay\Runtime\Cache\Padmin\657828c3ef7abf009f1ecbb6b0881652.php 第 614 行.
INFO: Run Behavior\ParseTemplateBehavior [ RunTime:0.021001s ]
INFO: [ view_parse ] --END-- [ RunTime:0.021001s ]
INFO: [ view_filter ] --START--
INFO: Run Behavior\WriteHtmlCacheBehavior [ RunTime:0.000000s ]
INFO: [ view_filter ] --END-- [ RunTime:0.001001s ]
INFO: [ app_end ] --START--
INFO: Run Behavior\ShowPageTraceBehavior [ RunTime:0.001000s ]
INFO: [ app_end ] --END-- [ RunTime:0.001000s ]
NOTIC: [8] Use of undefined constant sssss - assumed 'sssss' D:\upupw\vhosts\www.blog.com\Fennay\index.php 第 29 行.

[ 2015-07-23T18:26:05+08:00 ] 127.0.0.1 /index.php/Padmin
INFO: [ app_init ] --START--
INFO: Run Behavior\BuildLiteBehavior [ RunTime:0.000000s ]
INFO: [ app_init ] --END-- [ RunTime:0.000000s ]
INFO: [ app_begin ] --START--
INFO: Run Behavior\ReadHtmlCacheBehavior [ RunTime:0.001000s ]
INFO: [ app_begin ] --END-- [ RunTime:0.001000s ]
SQL: SHOW COLUMNS FROM `fny_manager` [ RunTime:0.0020s ]
SQL: SELECT * FROM `fny_manager` WHERE ( id=1 ) LIMIT 1   [ RunTime:0.0000s ]
INFO: [ view_parse ] --START--
INFO: [ template_filter ] --START--
INFO: Run Behavior\ContentReplaceBehavior [ RunTime:0.001000s ]
INFO: [ template_filter ] --END-- [ RunTime:0.001000s ]
NOTIC: [8] Undefined variable: title D:\upupw\vhosts\www.blog.com\Fennay\Runtime\Cache\Padmin\3d4e9b029cf63bfe32eafaa70ce8011b.php 第 21 行.
INFO: Run Behavior\ParseTemplateBehavior [ RunTime:0.012000s ]
INFO: [ view_parse ] --END-- [ RunTime:0.012000s ]
INFO: [ view_filter ] --START--
INFO: Run Behavior\WriteHtmlCacheBehavior [ RunTime:0.001000s ]
INFO: [ view_filter ] --END-- [ RunTime:0.001000s ]
INFO: [ app_end ] --START--
INFO: Run Behavior\ShowPageTraceBehavior [ RunTime:0.000000s ]
INFO: [ app_end ] --END-- [ RunTime:0.001000s ]
NOTIC: [8] Use of undefined constant sssss - assumed 'sssss' D:\upupw\vhosts\www.blog.com\Fennay\index.php 第 29 行.

[ 2015-07-23T18:26:44+08:00 ] 127.0.0.1 /index.php/Padmin
INFO: [ app_init ] --START--
INFO: Run Behavior\BuildLiteBehavior [ RunTime:0.000000s ]
INFO: [ app_init ] --END-- [ RunTime:0.000000s ]
INFO: [ app_begin ] --START--
INFO: Run Behavior\ReadHtmlCacheBehavior [ RunTime:0.000000s ]
INFO: [ app_begin ] --END-- [ RunTime:0.000000s ]
SQL: SHOW COLUMNS FROM `fny_manager` [ RunTime:0.0030s ]
SQL: SELECT * FROM `fny_manager` WHERE ( id=1 ) LIMIT 1   [ RunTime:0.0000s ]
INFO: [ view_parse ] --START--
INFO: [ template_filter ] --START--
INFO: Run Behavior\ContentReplaceBehavior [ RunTime:0.001000s ]
INFO: [ template_filter ] --END-- [ RunTime:0.001000s ]
NOTIC: [8] Undefined variable: title D:\upupw\vhosts\www.blog.com\Fennay\Runtime\Cache\Padmin\3d4e9b029cf63bfe32eafaa70ce8011b.php 第 21 行.
INFO: Run Behavior\ParseTemplateBehavior [ RunTime:0.012000s ]
INFO: [ view_parse ] --END-- [ RunTime:0.012000s ]
INFO: [ view_filter ] --START--
INFO: Run Behavior\WriteHtmlCacheBehavior [ RunTime:0.001000s ]
INFO: [ view_filter ] --END-- [ RunTime:0.001000s ]
INFO: [ app_end ] --START--
INFO: Run Behavior\ShowPageTraceBehavior [ RunTime:0.001000s ]
INFO: [ app_end ] --END-- [ RunTime:0.001000s ]
NOTIC: [8] Use of undefined constant sssss - assumed 'sssss' D:\upupw\vhosts\www.blog.com\Fennay\index.php 第 29 行.

[ 2015-07-23T18:26:47+08:00 ] 127.0.0.1 /index.php/Padmin
INFO: [ app_init ] --START--
INFO: Run Behavior\BuildLiteBehavior [ RunTime:0.000000s ]
INFO: [ app_init ] --END-- [ RunTime:0.000000s ]
INFO: [ app_begin ] --START--
INFO: Run Behavior\ReadHtmlCacheBehavior [ RunTime:0.001000s ]
INFO: [ app_begin ] --END-- [ RunTime:0.001000s ]
SQL: SHOW COLUMNS FROM `fny_manager` [ RunTime:0.0030s ]
SQL: SELECT * FROM `fny_manager` WHERE ( id=1 ) LIMIT 1   [ RunTime:0.0000s ]
INFO: [ view_parse ] --START--
INFO: [ template_filter ] --START--
INFO: Run Behavior\ContentReplaceBehavior [ RunTime:0.000000s ]
INFO: [ template_filter ] --END-- [ RunTime:0.000000s ]
NOTIC: [8] Undefined variable: title D:\upupw\vhosts\www.blog.com\Fennay\Runtime\Cache\Padmin\3d4e9b029cf63bfe32eafaa70ce8011b.php 第 21 行.
INFO: Run Behavior\ParseTemplateBehavior [ RunTime:0.012001s ]
INFO: [ view_parse ] --END-- [ RunTime:0.012001s ]
INFO: [ view_filter ] --START--
INFO: Run Behavior\WriteHtmlCacheBehavior [ RunTime:0.000000s ]
INFO: [ view_filter ] --END-- [ RunTime:0.001000s ]
INFO: [ app_end ] --START--
INFO: Run Behavior\ShowPageTraceBehavior [ RunTime:0.001000s ]
INFO: [ app_end ] --END-- [ RunTime:0.001000s ]
NOTIC: [8] Use of undefined constant sssss - assumed 'sssss' D:\upupw\vhosts\www.blog.com\Fennay\index.php 第 29 行.

